<?xml version="1.0" encoding="UTF-8"?>
<!-- Generated by org.testng.reporters.JUnitReportReporter -->
<testsuite skipped="0" hostname="LP1-AP-51836313" name="com.searchengine.testcases.BingPageTest" tests="2" failures="0" timestamp="2021-09-25T17:32:46 IST" time="9.645" errors="0">
  <testcase name="bingPageTitleTest" time="4.588" classname="com.searchengine.testcases.BingPageTest"/>
  <system-out/>
  <testcase name="searchTermOnBing" time="5.057" classname="com.searchengine.testcases.BingPageTest"/>
  <system-out/>
</testsuite> <!-- com.searchengine.testcases.BingPageTest -->
